<?xml version="1.0" encoding="UTF-8"?>
<testng-results ignored="0" total="1" passed="1" failed="0" skipped="0">
  <reporter-output>
  </reporter-output>
  <suite started-at="2024-09-18T11:55:30 IST" name="Default suite" finished-at="2024-09-18T11:55:30 IST" duration-ms="64">
    <groups>
    </groups>
    <test started-at="2024-09-18T11:55:30 IST" name="Default test" finished-at="2024-09-18T11:55:30 IST" duration-ms="64">
      <class name="lerhestNumber">
        <test-method signature="findTheLargestNumber()[pri:0, instance:lerhestNumber@35d019a3]" started-at="2024-09-18T11:55:30 IST" name="findTheLargestNumber" finished-at="2024-09-18T11:55:30 IST" duration-ms="11" status="PASS">
          <reporter-output>
          </reporter-output>
        </test-method> <!-- findTheLargestNumber -->
      </class> <!-- lerhestNumber -->
    </test> <!-- Default test -->
  </suite> <!-- Default suite -->
</testng-results>
